[2019-12-03 11:32:51.366] [renderer1] [error] <semantic> TypeScript Server Error (3.6.3)
Debug Failure. False expression: Changes overlap
Verbose Debug Information: {"pos":562,"end":1896} and {"pos":1122,"end":1136}
Error: Debug Failure. False expression: Changes overlap
Verbose Debug Information: {"pos":562,"end":1896} and {"pos":1122,"end":1136}
    at _loop_10 (tsserver.js:115333:34)
    at tsserver.js:115339:25
    at Array.map (<anonymous>)
    at Object.getTextChangesFromChanges (tsserver.js:115327:86)
    at ChangeTracker.getChanges (tsserver.js:115297:45)
    at Function.ChangeTracker.with (tsserver.js:114832:32)
    at Object.getCodeActions (tsserver.js:117987:64)
    at tsserver.js:115852:121
    at Object.flatMap (tsserver.js:583:25)
    at Object.getFixes (tsserver.js:115852:23)
    at tsserver.js:125866:35
    at Object.flatMap (tsserver.js:583:25)
    at Object.getCodeFixesAtPosition (tsserver.js:125864:23)
    at IOSession.Session.getCodeFixes (tsserver.js:135063:64)
    at Session.handlers.ts.createMapFromTemplate._a.(anonymous function) (tsserver.js:133850:61)
    at tsserver.js:135256:88
    at IOSession.Session.executeWithRequestId (tsserver.js:135247:28)
    at IOSession.Session.executeCommand (tsserver.js:135256:33)
    at IOSession.Session.onMessage (tsserver.js:135279:35)
    at Interface.<anonymous> (tsserver.js:136594:27)
    at Interface.emit (events.js:182:13)
    at Interface._onLine (readline.js:290:10)
    at Interface._normalWrite (readline.js:433:12)
    at Socket.ondata (readline.js:149:10)
    at Socket.emit (events.js:182:13)
    at addChunk (_stream_readable.js:283:12)
    at readableAddChunk (_stream_readable.js:264:11)
    at Socket.Readable.push (_stream_readable.js:219:10)
    at Pipe.onStreamRead [as onread] (internal/stream_base_commons.js:94:17): Error: <semantic> TypeScript Server Error (3.6.3)
Debug Failure. False expression: Changes overlap
Verbose Debug Information: {"pos":562,"end":1896} and {"pos":1122,"end":1136}
Error: Debug Failure. False expression: Changes overlap
Verbose Debug Information: {"pos":562,"end":1896} and {"pos":1122,"end":1136}
    at _loop_10 (tsserver.js:115333:34)
    at tsserver.js:115339:25
    at Array.map (<anonymous>)
    at Object.getTextChangesFromChanges (tsserver.js:115327:86)
    at ChangeTracker.getChanges (tsserver.js:115297:45)
    at Function.ChangeTracker.with (tsserver.js:114832:32)
    at Object.getCodeActions (tsserver.js:117987:64)
    at tsserver.js:115852:121
    at Object.flatMap (tsserver.js:583:25)
    at Object.getFixes (tsserver.js:115852:23)
    at tsserver.js:125866:35
    at Object.flatMap (tsserver.js:583:25)
    at Object.getCodeFixesAtPosition (tsserver.js:125864:23)
    at IOSession.Session.getCodeFixes (tsserver.js:135063:64)
    at Session.handlers.ts.createMapFromTemplate._a.(anonymous function) (tsserver.js:133850:61)
    at tsserver.js:135256:88
    at IOSession.Session.executeWithRequestId (tsserver.js:135247:28)
    at IOSession.Session.executeCommand (tsserver.js:135256:33)
    at IOSession.Session.onMessage (tsserver.js:135279:35)
    at Interface.<anonymous> (tsserver.js:136594:27)
    at Interface.emit (events.js:182:13)
    at Interface._onLine (readline.js:290:10)
    at Interface._normalWrite (readline.js:433:12)
    at Socket.ondata (readline.js:149:10)
    at Socket.emit (events.js:182:13)
    at addChunk (_stream_readable.js:283:12)
    at readableAddChunk (_stream_readable.js:264:11)
    at Socket.Readable.push (_stream_readable.js:219:10)
    at Pipe.onStreamRead [as onread] (internal/stream_base_commons.js:94:17)
	at Function.create (/usr/share/code/resources/app/extensions/typescript-language-features/dist/extension.js:53:63415)
	at h.dispatchResponse (/usr/share/code/resources/app/extensions/typescript-language-features/dist/extension.js:53:56570)
	at h.dispatchMessage (/usr/share/code/resources/app/extensions/typescript-language-features/dist/extension.js:53:55468)
	at _reader.onData.e (/usr/share/code/resources/app/extensions/typescript-language-features/dist/extension.js:53:54944)
	at l.fire (/usr/share/code/resources/app/out/vs/workbench/services/extensions/node/extensionHostProcess.js:50:519)
	at t.Reader.onLengthData (/usr/share/code/resources/app/extensions/typescript-language-features/dist/extension.js:53:61635)
	at Socket.e.on.e (/usr/share/code/resources/app/extensions/typescript-language-features/dist/extension.js:53:61283)
	at Socket.emit (events.js:182:13)
	at addChunk (_stream_readable.js:283:12)
	at readableAddChunk (_stream_readable.js:264:11)
	at Socket.Readable.push (_stream_readable.js:219:10)
	at Pipe.onStreamRead [as onread] (internal/stream_base_commons.js:94:17)
[2019-12-03 11:33:30.973] [renderer1] [error] <semantic> TypeScript Server Error (3.6.3)
Debug Failure. False expression: Changes overlap
Verbose Debug Information: {"pos":562,"end":1751} and {"pos":979,"end":993}
Error: Debug Failure. False expression: Changes overlap
Verbose Debug Information: {"pos":562,"end":1751} and {"pos":979,"end":993}
    at _loop_10 (tsserver.js:115333:34)
    at tsserver.js:115339:25
    at Array.map (<anonymous>)
    at Object.getTextChangesFromChanges (tsserver.js:115327:86)
    at ChangeTracker.getChanges (tsserver.js:115297:45)
    at Function.ChangeTracker.with (tsserver.js:114832:32)
    at Object.getCodeActions (tsserver.js:117987:64)
    at tsserver.js:115852:121
    at Object.flatMap (tsserver.js:583:25)
    at Object.getFixes (tsserver.js:115852:23)
    at tsserver.js:125866:35
    at Object.flatMap (tsserver.js:583:25)
    at Object.getCodeFixesAtPosition (tsserver.js:125864:23)
    at IOSession.Session.getCodeFixes (tsserver.js:135063:64)
    at Session.handlers.ts.createMapFromTemplate._a.(anonymous function) (tsserver.js:133850:61)
    at tsserver.js:135256:88
    at IOSession.Session.executeWithRequestId (tsserver.js:135247:28)
    at IOSession.Session.executeCommand (tsserver.js:135256:33)
    at IOSession.Session.onMessage (tsserver.js:135279:35)
    at Interface.<anonymous> (tsserver.js:136594:27)
    at Interface.emit (events.js:182:13)
    at Interface._onLine (readline.js:290:10)
    at Interface._normalWrite (readline.js:433:12)
    at Socket.ondata (readline.js:149:10)
    at Socket.emit (events.js:182:13)
    at addChunk (_stream_readable.js:283:12)
    at readableAddChunk (_stream_readable.js:264:11)
    at Socket.Readable.push (_stream_readable.js:219:10)
    at Pipe.onStreamRead [as onread] (internal/stream_base_commons.js:94:17): Error: <semantic> TypeScript Server Error (3.6.3)
Debug Failure. False expression: Changes overlap
Verbose Debug Information: {"pos":562,"end":1751} and {"pos":979,"end":993}
Error: Debug Failure. False expression: Changes overlap
Verbose Debug Information: {"pos":562,"end":1751} and {"pos":979,"end":993}
    at _loop_10 (tsserver.js:115333:34)
    at tsserver.js:115339:25
    at Array.map (<anonymous>)
    at Object.getTextChangesFromChanges (tsserver.js:115327:86)
    at ChangeTracker.getChanges (tsserver.js:115297:45)
    at Function.ChangeTracker.with (tsserver.js:114832:32)
    at Object.getCodeActions (tsserver.js:117987:64)
    at tsserver.js:115852:121
    at Object.flatMap (tsserver.js:583:25)
    at Object.getFixes (tsserver.js:115852:23)
    at tsserver.js:125866:35
    at Object.flatMap (tsserver.js:583:25)
    at Object.getCodeFixesAtPosition (tsserver.js:125864:23)
    at IOSession.Session.getCodeFixes (tsserver.js:135063:64)
    at Session.handlers.ts.createMapFromTemplate._a.(anonymous function) (tsserver.js:133850:61)
    at tsserver.js:135256:88
    at IOSession.Session.executeWithRequestId (tsserver.js:135247:28)
    at IOSession.Session.executeCommand (tsserver.js:135256:33)
    at IOSession.Session.onMessage (tsserver.js:135279:35)
    at Interface.<anonymous> (tsserver.js:136594:27)
    at Interface.emit (events.js:182:13)
    at Interface._onLine (readline.js:290:10)
    at Interface._normalWrite (readline.js:433:12)
    at Socket.ondata (readline.js:149:10)
    at Socket.emit (events.js:182:13)
    at addChunk (_stream_readable.js:283:12)
    at readableAddChunk (_stream_readable.js:264:11)
    at Socket.Readable.push (_stream_readable.js:219:10)
    at Pipe.onStreamRead [as onread] (internal/stream_base_commons.js:94:17)
	at Function.create (/usr/share/code/resources/app/extensions/typescript-language-features/dist/extension.js:53:63415)
	at h.dispatchResponse (/usr/share/code/resources/app/extensions/typescript-language-features/dist/extension.js:53:56570)
	at h.dispatchMessage (/usr/share/code/resources/app/extensions/typescript-language-features/dist/extension.js:53:55468)
	at _reader.onData.e (/usr/share/code/resources/app/extensions/typescript-language-features/dist/extension.js:53:54944)
	at l.fire (/usr/share/code/resources/app/out/vs/workbench/services/extensions/node/extensionHostProcess.js:50:519)
	at t.Reader.onLengthData (/usr/share/code/resources/app/extensions/typescript-language-features/dist/extension.js:53:61635)
	at Socket.e.on.e (/usr/share/code/resources/app/extensions/typescript-language-features/dist/extension.js:53:61283)
	at Socket.emit (events.js:182:13)
	at addChunk (_stream_readable.js:283:12)
	at readableAddChunk (_stream_readable.js:264:11)
	at Socket.Readable.push (_stream_readable.js:219:10)
	at Pipe.onStreamRead [as onread] (internal/stream_base_commons.js:94:17)
[2019-12-03 11:33:34.467] [renderer1] [error] <semantic> TypeScript Server Error (3.6.3)
Debug Failure. False expression: Changes overlap
Verbose Debug Information: {"pos":560,"end":1749} and {"pos":977,"end":991}
Error: Debug Failure. False expression: Changes overlap
Verbose Debug Information: {"pos":560,"end":1749} and {"pos":977,"end":991}
    at _loop_10 (tsserver.js:115333:34)
    at tsserver.js:115339:25
    at Array.map (<anonymous>)
    at Object.getTextChangesFromChanges (tsserver.js:115327:86)
    at ChangeTracker.getChanges (tsserver.js:115297:45)
    at Function.ChangeTracker.with (tsserver.js:114832:32)
    at Object.getCodeActions (tsserver.js:117987:64)
    at tsserver.js:115852:121
    at Object.flatMap (tsserver.js:583:25)
    at Object.getFixes (tsserver.js:115852:23)
    at tsserver.js:125866:35
    at Object.flatMap (tsserver.js:583:25)
    at Object.getCodeFixesAtPosition (tsserver.js:125864:23)
    at IOSession.Session.getCodeFixes (tsserver.js:135063:64)
    at Session.handlers.ts.createMapFromTemplate._a.(anonymous function) (tsserver.js:133850:61)
    at tsserver.js:135256:88
    at IOSession.Session.executeWithRequestId (tsserver.js:135247:28)
    at IOSession.Session.executeCommand (tsserver.js:135256:33)
    at IOSession.Session.onMessage (tsserver.js:135279:35)
    at Interface.<anonymous> (tsserver.js:136594:27)
    at Interface.emit (events.js:182:13)
    at Interface._onLine (readline.js:290:10)
    at Interface._normalWrite (readline.js:433:12)
    at Socket.ondata (readline.js:149:10)
    at Socket.emit (events.js:182:13)
    at addChunk (_stream_readable.js:283:12)
    at readableAddChunk (_stream_readable.js:264:11)
    at Socket.Readable.push (_stream_readable.js:219:10)
    at Pipe.onStreamRead [as onread] (internal/stream_base_commons.js:94:17): Error: <semantic> TypeScript Server Error (3.6.3)
Debug Failure. False expression: Changes overlap
Verbose Debug Information: {"pos":560,"end":1749} and {"pos":977,"end":991}
Error: Debug Failure. False expression: Changes overlap
Verbose Debug Information: {"pos":560,"end":1749} and {"pos":977,"end":991}
    at _loop_10 (tsserver.js:115333:34)
    at tsserver.js:115339:25
    at Array.map (<anonymous>)
    at Object.getTextChangesFromChanges (tsserver.js:115327:86)
    at ChangeTracker.getChanges (tsserver.js:115297:45)
    at Function.ChangeTracker.with (tsserver.js:114832:32)
    at Object.getCodeActions (tsserver.js:117987:64)
    at tsserver.js:115852:121
    at Object.flatMap (tsserver.js:583:25)
    at Object.getFixes (tsserver.js:115852:23)
    at tsserver.js:125866:35
    at Object.flatMap (tsserver.js:583:25)
    at Object.getCodeFixesAtPosition (tsserver.js:125864:23)
    at IOSession.Session.getCodeFixes (tsserver.js:135063:64)
    at Session.handlers.ts.createMapFromTemplate._a.(anonymous function) (tsserver.js:133850:61)
    at tsserver.js:135256:88
    at IOSession.Session.executeWithRequestId (tsserver.js:135247:28)
    at IOSession.Session.executeCommand (tsserver.js:135256:33)
    at IOSession.Session.onMessage (tsserver.js:135279:35)
    at Interface.<anonymous> (tsserver.js:136594:27)
    at Interface.emit (events.js:182:13)
    at Interface._onLine (readline.js:290:10)
    at Interface._normalWrite (readline.js:433:12)
    at Socket.ondata (readline.js:149:10)
    at Socket.emit (events.js:182:13)
    at addChunk (_stream_readable.js:283:12)
    at readableAddChunk (_stream_readable.js:264:11)
    at Socket.Readable.push (_stream_readable.js:219:10)
    at Pipe.onStreamRead [as onread] (internal/stream_base_commons.js:94:17)
	at Function.create (/usr/share/code/resources/app/extensions/typescript-language-features/dist/extension.js:53:63415)
	at h.dispatchResponse (/usr/share/code/resources/app/extensions/typescript-language-features/dist/extension.js:53:56570)
	at h.dispatchMessage (/usr/share/code/resources/app/extensions/typescript-language-features/dist/extension.js:53:55468)
	at _reader.onData.e (/usr/share/code/resources/app/extensions/typescript-language-features/dist/extension.js:53:54944)
	at l.fire (/usr/share/code/resources/app/out/vs/workbench/services/extensions/node/extensionHostProcess.js:50:519)
	at t.Reader.onLengthData (/usr/share/code/resources/app/extensions/typescript-language-features/dist/extension.js:53:61635)
	at Socket.e.on.e (/usr/share/code/resources/app/extensions/typescript-language-features/dist/extension.js:53:61283)
	at Socket.emit (events.js:182:13)
	at addChunk (_stream_readable.js:283:12)
	at readableAddChunk (_stream_readable.js:264:11)
	at Socket.Readable.push (_stream_readable.js:219:10)
	at Pipe.onStreamRead [as onread] (internal/stream_base_commons.js:94:17)
